<?xml version="1.0" encoding="UTF-8"?>
<!-- Generated by org.testng.reporters.JUnitXMLReporter -->
<testsuite ignored="0" hostname="DESKTOP-HSEV31H" failures="0" tests="4" name="Test2" time="0.056" errors="0" timestamp="2022-09-16T08:43:44 IST">
  <testcase classname="TestNGPractice.TestCaseClass3" name="testMethod1" time="0.009"/>
  <testcase classname="TestNGPractice.TestCaseClass2" name="testMethod3" time="0.001"/>
  <testcase classname="TestNGPractice.testCaseClass1" name="testMethod1" time="0.002"/>
  <testcase classname="TestNGPractice.testCaseClass1" name="testMethod2" time="0.001"/>
</testsuite> <!-- Test2 -->
